Scotlandyard_app/app/build/outputs/logs/manifest-merger-release-report.txt
-- Merging decision tree log ---
manifest
ADDED from src\main\AndroidManifest.xml:2:1-127:12
	package
		ADDED from src\main\AndroidManifest.xml:3:5-41
		INJECTED from src\main\AndroidManifest.xml
		INJECTED from src\main\AndroidManifest.xml
	android:versionName
		INJECTED from src\main\AndroidManifest.xml
		INJECTED from src\main\AndroidManifest.xml
	xmlns:android
		ADDED from src\main\AndroidManifest.xml:2:11-69
	android:versionCode
		INJECTED from src\main\AndroidManifest.xml
		INJECTED from src\main\AndroidManifest.xml
uses-permission#android.permission.INTERNET
ADDED from src\main\AndroidManifest.xml:5:5-67
	android:name
		ADDED from src\main\AndroidManifest.xml:5:22-64
uses-permission#android.permission.CAMERA
ADDED from src\main\AndroidManifest.xml:6:5-65
	android:name
		ADDED from src\main\AndroidManifest.xml:6:22-62
application
ADDED from src\main\AndroidManifest.xml:8:5-124:19
MERGED from [com.android.support:design:23.1.1] AndroidManifest.xml:22:5-20
MERGED from [com.android.support:appcompat-v7:23.1.1] AndroidManifest.xml:22:5-20
MERGED from [com.android.support:support-v4:23.1.1] AndroidManifest.xml:22:5-20
MERGED from [com.android.support:cardview-v7:23.1.1] AndroidManifest.xml:22:5-20
MERGED from [me.dm7.barcodescanner:zxing:1.8.4] AndroidManifest.xml:11:5-20
MERGED from [me.dm7.barcodescanner:core:1.8.4] AndroidManifest.xml:11:5-20
MERGED from [com.google.android.gms:play-services-appindexing:8.1.0] AndroidManifest.xml:19:5-20
MERGED from [com.google.android.gms:play-services-basement:8.1.0] AndroidManifest.xml:20:5-24:19
MERGED from [com.android.support:palette-v7:23.1.1] AndroidManifest.xml:22:5-23:19
MERGED from [com.nispok:snackbar:2.9.0] AndroidManifest.xml:10:5-20
MERGED from [com.astuetz:pagerslidingtabstrip:1.0.1] AndroidManifest.xml:4:5-19
	android:label
		ADDED from src\main\AndroidManifest.xml:11:9-41
	android:allowBackup
		ADDED from src\main\AndroidManifest.xml:9:9-35
	android:icon
		ADDED from src\main\AndroidManifest.xml:10:9-43
	android:theme
		ADDED from src\main\AndroidManifest.xml:12:9-45
activity#com.nitk.iste.scotlandyard.MainActivity
ADDED from src\main\AndroidManifest.xml:13:9-21:20
	android:label
		ADDED from src\main\AndroidManifest.xml:15:13-45
	android:name
		ADDED from src\main\AndroidManifest.xml:14:13-67
intent-filter#android.intent.action.MAIN+android.intent.category.LAUNCHER
ADDED from src\main\AndroidManifest.xml:16:13-20:29
action#android.intent.action.MAIN
ADDED from src\main\AndroidManifest.xml:17:17-69
	android:name
		ADDED from src\main\AndroidManifest.xml:17:25-66
category#android.intent.category.LAUNCHER
ADDED from src\main\AndroidManifest.xml:19:17-77
	android:name
		ADDED from src\main\AndroidManifest.xml:19:27-74
activity#com.nitk.iste.scotlandyard.TabsActivity
ADDED from src\main\AndroidManifest.xml:22:9-25:20
	android:parentActivityName
		ADDED from src\main\AndroidManifest.xml:24:13-81
	android:name
		ADDED from src\main\AndroidManifest.xml:23:13-67
activity#com.nitk.iste.scotlandyard.StartStory
ADDED from src\main\AndroidManifest.xml:26:9-29:20
	android:parentActivityName
		ADDED from src\main\AndroidManifest.xml:28:13-81
	android:name
		ADDED from src\main\AndroidManifest.xml:27:13-65
activity#com.nitk.iste.scotlandyard.ContactUs
ADDED from src\main\AndroidManifest.xml:30:9-39:20
	android:screenOrientation
		ADDED from src\main\AndroidManifest.xml:33:13-49
	android:label
		ADDED from src\main\AndroidManifest.xml:32:13-59
	android:name
		ADDED from src\main\AndroidManifest.xml:31:13-38
intent-filter#android.intent.category.DEFAULT+com.nitk.iste.scotlandyard.CONTACT
ADDED from src\main\AndroidManifest.xml:34:13-38:29
action#com.nitk.iste.scotlandyard.CONTACT
ADDED from src\main\AndroidManifest.xml:35:17-77
	android:name
		ADDED from src\main\AndroidManifest.xml:35:25-74
category#android.intent.category.DEFAULT
ADDED from src\main\AndroidManifest.xml:37:17-76
	android:name
		ADDED from src\main\AndroidManifest.xml:37:27-73
activity#com.nitk.iste.scotlandyard.OfflineMap
ADDED from src\main\AndroidManifest.xml:40:9-49:20
	android:screenOrientation
		ADDED from src\main\AndroidManifest.xml:43:13-50
	android:label
		ADDED from src\main\AndroidManifest.xml:42:13-63
	android:name
		ADDED from src\main\AndroidManifest.xml:41:13-39
intent-filter#android.intent.category.DEFAULT+com.nitk.iste.scotlandyard.OFFLINEMAP
ADDED from src\main\AndroidManifest.xml:44:13-48:29
action#com.nitk.iste.scotlandyard.OFFLINEMAP
ADDED from src\main\AndroidManifest.xml:45:17-80
	android:name
		ADDED from src\main\AndroidManifest.xml:45:25-77
activity#com.nitk.iste.scotlandyard.Password
ADDED from src\main\AndroidManifest.xml:50:9-59:20
	android:screenOrientation
		ADDED from src\main\AndroidManifest.xml:53:13-49
	android:label
		ADDED from src\main\AndroidManifest.xml:52:13-45
	android:name
		ADDED from src\main\AndroidManifest.xml:51:13-37
intent-filter#android.intent.category.DEFAULT+com.nitk.iste.scotlandyard.PASSWORD
ADDED from src\main\AndroidManifest.xml:54:13-58:29
action#com.nitk.iste.scotlandyard.PASSWORD
ADDED from src\main\AndroidManifest.xml:55:17-78
	android:name
		ADDED from src\main\AndroidManifest.xml:55:25-75
activity#com.nitk.iste.scotlandyard.Admin
ADDED from src\main\AndroidManifest.xml:60:9-69:20
	android:screenOrientation
		ADDED from src\main\AndroidManifest.xml:63:13-49
	android:label
		ADDED from src\main\AndroidManifest.xml:62:13-57
	android:name
		ADDED from src\main\AndroidManifest.xml:61:13-34
intent-filter#android.intent.category.DEFAULT+com.nitk.iste.scotlandyard.ADMIN
ADDED from src\main\AndroidManifest.xml:64:13-68:29
action#com.nitk.iste.scotlandyard.ADMIN
ADDED from src\main\AndroidManifest.xml:65:17-75
	android:name
		ADDED from src\main\AndroidManifest.xml:65:25-72
activity#com.nitk.iste.scotlandyard.QRScanner
ADDED from src\main\AndroidManifest.xml:70:9-78:20
	android:label
		ADDED from src\main\AndroidManifest.xml:72:17-66
	android:name
		ADDED from src\main\AndroidManifest.xml:71:17-42
intent-filter#android.intent.category.LAUNCHER+com.nitk.iste.scotlandyard.QRScanner
ADDED from src\main\AndroidManifest.xml:73:13-77:29
action#com.nitk.iste.scotlandyard.QRScanner
ADDED from src\main\AndroidManifest.xml:74:17-79
	android:name
		ADDED from src\main\AndroidManifest.xml:74:25-76
activity#com.nitk.iste.scotlandyard.DisplayStory
ADDED from src\main\AndroidManifest.xml:79:9-88:20
	android:screenOrientation
		ADDED from src\main\AndroidManifest.xml:82:13-49
	android:label
		ADDED from src\main\AndroidManifest.xml:81:13-65
	android:name
		ADDED from src\main\AndroidManifest.xml:80:13-41
intent-filter#android.intent.category.DEFAULT+com.nitk.iste.scotlandyard.DISPLAYSTORY
ADDED from src\main\AndroidManifest.xml:83:13-87:29
action#com.nitk.iste.scotlandyard.DISPLAYSTORY
ADDED from src\main\AndroidManifest.xml:84:17-82
	android:name
		ADDED from src\main\AndroidManifest.xml:84:25-79
activity#com.nitk.iste.scotlandyard.UnlockType
ADDED from src\main\AndroidManifest.xml:89:9-97:20
	android:screenOrientation
		ADDED from src\main\AndroidManifest.xml:92:13-49
	android:label
		ADDED from src\main\AndroidManifest.xml:91:13-63
	android:name
		ADDED from src\main\AndroidManifest.xml:90:13-39
intent-filter#android.intent.category.DEFAULT+com.nitk.iste.scotlandyard.UNLOCKTYPE
ADDED from src\main\AndroidManifest.xml:93:13-96:29
action#com.nitk.iste.scotlandyard.UNLOCKTYPE
ADDED from src\main\AndroidManifest.xml:94:17-80
	android:name
		ADDED from src\main\AndroidManifest.xml:94:25-77
activity#com.nitk.iste.scotlandyard.PasswordTwo
ADDED from src\main\AndroidManifest.xml:98:9-107:20
	android:screenOrientation
		ADDED from src\main\AndroidManifest.xml:101:13-49
	android:label
		ADDED from src\main\AndroidManifest.xml:100:13-64
	android:name
		ADDED from src\main\AndroidManifest.xml:99:13-40
intent-filter#android.intent.category.DEFAULT+com.nitk.iste.scotlandyard.PASSWORDTWO
ADDED from src\main\AndroidManifest.xml:102:13-106:29
action#com.nitk.iste.scotlandyard.PASSWORDTWO
ADDED from src\main\AndroidManifest.xml:103:17-81
	android:name
		ADDED from src\main\AndroidManifest.xml:103:25-78
activity#com.nitk.iste.scotlandyard.ShowProgress
ADDED from src\main\AndroidManifest.xml:108:9-117:20
	android:screenOrientation
		ADDED from src\main\AndroidManifest.xml:111:13-49
	android:label
		ADDED from src\main\AndroidManifest.xml:110:13-65
	android:name
		ADDED from src\main\AndroidManifest.xml:109:13-41
intent-filter#android.intent.category.DEFAULT+com.nitk.iste.scotlandyard.SHOWPROGRESS
ADDED from src\main\AndroidManifest.xml:112:13-116:29
action#com.nitk.iste.scotlandyard.SHOWPROGRESS
ADDED from src\main\AndroidManifest.xml:113:17-82
	android:name
		ADDED from src\main\AndroidManifest.xml:113:25-79
meta-data#com.google.android.gms.version
ADDED from src\main\AndroidManifest.xml:120:9-122:69
MERGED from [com.google.android.gms:play-services-basement:8.1.0] AndroidManifest.xml:21:9-23:69
	android:value
		ADDED from src\main\AndroidManifest.xml:122:13-66
	android:name
		ADDED from src\main\AndroidManifest.xml:121:13-58
uses-sdk
INJECTED from src\main\AndroidManifest.xml reason: use-sdk injection requested
MERGED from [com.android.support:design:23.1.1] AndroidManifest.xml:20:5-43
MERGED from [com.android.support:appcompat-v7:23.1.1] AndroidManifest.xml:20:5-43
MERGED from [com.android.support:support-v4:23.1.1] AndroidManifest.xml:20:5-43
MERGED from [com.android.support:recyclerview-v7:23.1.1] AndroidManifest.xml:20:5-43
MERGED from [com.android.support:cardview-v7:23.1.1] AndroidManifest.xml:20:5-43
MERGED from [me.dm7.barcodescanner:zxing:1.8.4] AndroidManifest.xml:7:5-9:41
MERGED from [me.dm7.barcodescanner:core:1.8.4] AndroidManifest.xml:7:5-9:41
MERGED from [com.google.android.gms:play-services-appindexing:8.1.0] AndroidManifest.xml:18:5-42
MERGED from [com.google.android.gms:play-services-basement:8.1.0] AndroidManifest.xml:18:5-42
MERGED from [com.makeramen:roundedimageview:1.5.0] AndroidManifest.xml:7:5-9:41
MERGED from [com.android.support:palette-v7:23.1.1] AndroidManifest.xml:20:5-43
MERGED from [com.nispok:snackbar:2.9.0] AndroidManifest.xml:6:5-8:41
MERGED from [com.astuetz:pagerslidingtabstrip:1.0.1] AndroidManifest.xml:2:5-72
MERGED from [com.github.amlcurran.showcaseview:library:5.0.0] AndroidManifest.xml:7:5-9:41
	android:targetSdkVersion
		INJECTED from src\main\AndroidManifest.xml
		INJECTED from src\main\AndroidManifest.xml
	android:minSdkVersion
		INJECTED from src\main\AndroidManifest.xml
		INJECTED from src\main\AndroidManifest.xml